*** Starting uWSGI 2.0.18 (64bit) on [Wed Jun  3 05:01:47 2020] ***
compiled with version: 7.5.0 on 02 June 2020 19:16:41
os: Linux-5.3.0-53-generic #47~18.04.1-Ubuntu SMP Thu May 7 13:10:50 UTC 2020
nodename: hope
machine: x86_64
clock source: unix
detected number of CPU cores: 4
current working directory: /home/hope/CapstoneProject/Server/RecommendServer
detected binary path: /usr/local/bin/uwsgi
!!! no internal routing support, rebuild with pcre support !!!
chdir() to /home/hope/CapstoneProject/Server/RecommendServer
*** WARNING: you are running uWSGI without its master process manager ***
your processes number limit is 31335
your memory page size is 4096 bytes
detected max file descriptor number: 1024
lock engine: pthread robust mutexes
thunder lock: disabled (you can enable it with --thunder-lock)
uwsgi socket 0 bound to UNIX address /home/hope/CapstoneProject/Server/RecommendServer/RecommendServer.sock fd 3
Python version: 3.6.9 (default, Apr 18 2020, 01:56:04)  [GCC 8.4.0]
PEP 405 virtualenv detected: /home/hope/python_env/rcmd
Set PythonHome to /home/hope/python_env/rcmd
*** Python threads support is disabled. You can enable it with --enable-threads ***
Python main interpreter initialized at 0x55e69b43c0b0
your server socket listen backlog is limited to 100 connections
your mercy for graceful operations on workers is 60 seconds
mapped 72920 bytes (71 KB) for 1 cores
*** Operational MODE: single process ***
WSGI app 0 (mountpoint='') ready in 0 seconds on interpreter 0x55e69b43c0b0 pid: 20788 (default app)
*** uWSGI is running in multiple interpreter mode ***
spawned uWSGI worker 1 (and the only) (pid: 20788, cores: 1)
*** Starting uWSGI 2.0.18 (64bit) on [Wed Jun  3 05:36:10 2020] ***
compiled with version: 7.5.0 on 02 June 2020 19:16:41
os: Linux-5.3.0-53-generic #47~18.04.1-Ubuntu SMP Thu May 7 13:10:50 UTC 2020
nodename: hope
machine: x86_64
clock source: unix
detected number of CPU cores: 4
current working directory: /home/hope/CapstoneProject/Server/RecommendServer
detected binary path: /usr/local/bin/uwsgi
!!! no internal routing support, rebuild with pcre support !!!
chdir() to /home/hope/CapstoneProject/Server/RecommendServer
*** WARNING: you are running uWSGI without its master process manager ***
your processes number limit is 31335
your memory page size is 4096 bytes
detected max file descriptor number: 1024
lock engine: pthread robust mutexes
thunder lock: disabled (you can enable it with --thunder-lock)
uwsgi socket 0 bound to UNIX address /home/hope/CapstoneProject/Server/RecommendServer/RecommendServer.sock fd 3
Python version: 3.6.9 (default, Apr 18 2020, 01:56:04)  [GCC 8.4.0]
PEP 405 virtualenv detected: /home/hope/python_env/rcmd
Set PythonHome to /home/hope/python_env/rcmd
*** Python threads support is disabled. You can enable it with --enable-threads ***
Python main interpreter initialized at 0x5596c5dce0d0
your server socket listen backlog is limited to 100 connections
your mercy for graceful operations on workers is 60 seconds
mapped 72920 bytes (71 KB) for 1 cores
*** Operational MODE: single process ***
WSGI app 0 (mountpoint='') ready in 0 seconds on interpreter 0x5596c5dce0d0 pid: 22583 (default app)
*** uWSGI is running in multiple interpreter mode ***
spawned uWSGI worker 1 (and the only) (pid: 22583, cores: 1)
